Using pre-set license
Built from '2020.3/staging' branch; Version is '2020.3.35f1 (18e4db7a9996) revision 1631451'; Using compiler version '192528614'; Build Type 'Release'
OS: 'Windows 10  (10.0.19044) 64bit Core' Language: 'ja' Physical Memory: 16241 MB
BatchMode: 1, IsHumanControllingUs: 0, StartBugReporterOnCrash: 0, Is64bit: 1, IsPro: 0

COMMAND LINE ARGUMENTS:
C:\Program Files\Unity\Hub\Editor\2020.3.35f1\Editor\Unity.exe
-adb2
-batchMode
-noUpm
-name
AssetImportWorker0
-projectPath
C:/Users/nprup/Documents/Cameras
-logFile
Logs/AssetImportWorker0.log
-srvPort
57908
Successfully changed project path to: C:/Users/nprup/Documents/Cameras
C:/Users/nprup/Documents/Cameras
Using Asset Import Pipeline V2.
Refreshing native plugins compatible for Editor in 58.08 ms, found 2 plugins.
Preloading 0 native plugins for Editor in 0.00 ms.
Initialize engine version: 2020.3.35f1 (18e4db7a9996)
[Subsystems] Discovering subsystems at path C:/Program Files/Unity/Hub/Editor/2020.3.35f1/Editor/Data/Resources/UnitySubsystems
[Subsystems] Discovering subsystems at path C:/Users/nprup/Documents/Cameras/Assets
GfxDevice: creating device client; threaded=0
Direct3D:
    Version:  Direct3D 11.0 [level 11.1]
    Renderer: NVIDIA GeForce GTX 1060 6GB (ID=0x1c03)
    Vendor:   
    VRAM:     6052 MB
    Driver:   31.0.15.2225
Initialize mono
Mono path[0] = 'C:/Program Files/Unity/Hub/Editor/2020.3.35f1/Editor/Data/Managed'
Mono path[1] = 'C:/Program Files/Unity/Hub/Editor/2020.3.35f1/Editor/Data/MonoBleedingEdge/lib/mono/unityjit'
Mono config path = 'C:/Program Files/Unity/Hub/Editor/2020.3.35f1/Editor/Data/MonoBleedingEdge/etc'
Using monoOptions --debugger-agent=transport=dt_socket,embedding=1,server=y,suspend=n,address=127.0.0.1:56740
Begin MonoManager ReloadAssembly
Registering precompiled unity dll's ...
Register platform support module: C:/Program Files/Unity/Hub/Editor/2020.3.35f1/Editor/Data/PlaybackEngines/WebGLSupport/UnityEditor.WebGL.Extensions.dll
Register platform support module: C:/Program Files/Unity/Hub/Editor/2020.3.35f1/Editor/Data/PlaybackEngines/WindowsStandaloneSupport/UnityEditor.WindowsStandalone.Extensions.dll
Registered in 0.004546 seconds.
Native extension for WindowsStandalone target not found
Native extension for WebGL target not found
Refreshing native plugins compatible for Editor in 53.45 ms, found 2 plugins.
Preloading 0 native plugins for Editor in 0.00 ms.
Mono: successfully reloaded assembly
- Completed reload, in  0.927 seconds
Domain Reload Profiling:
	ReloadAssembly (928ms)
		BeginReloadAssembly (103ms)
			ExecutionOrderSort (0ms)
			DisableScriptedObjects (0ms)
			BackupInstance (0ms)
			ReleaseScriptingObjects (0ms)
			CreateAndSetChildDomain (1ms)
		EndReloadAssembly (706ms)
			LoadAssemblies (101ms)
			RebuildTransferFunctionScriptingTraits (0ms)
			SetupTypeCache (233ms)
			ReleaseScriptCaches (0ms)
			RebuildScriptCaches (57ms)
			SetupLoadedEditorAssemblies (259ms)
				LogAssemblyErrors (0ms)
				InitializePlatformSupportModulesInManaged (6ms)
				SetLoadedEditorAssemblies (1ms)
				RefreshPlugins (54ms)
				BeforeProcessingInitializeOnLoad (25ms)
				ProcessInitializeOnLoadAttributes (134ms)
				ProcessInitializeOnLoadMethodAttributes (40ms)
				AfterProcessingInitializeOnLoad (0ms)
				EditorAssembliesLoaded (0ms)
			ExecutionOrderSort2 (0ms)
			AwakeInstancesAfterBackupRestoration (0ms)
Platform modules already initialized, skipping
Registering precompiled user dll's ...
Registered in 0.004518 seconds.
Begin MonoManager ReloadAssembly
Native extension for WindowsStandalone target not found
Native extension for WebGL target not found
Refreshing native plugins compatible for Editor in 0.39 ms, found 2 plugins.
Preloading 0 native plugins for Editor in 0.00 ms.
Mono: successfully reloaded assembly
- Completed reload, in  1.673 seconds
Domain Reload Profiling:
	ReloadAssembly (1674ms)
		BeginReloadAssembly (237ms)
			ExecutionOrderSort (0ms)
			DisableScriptedObjects (8ms)
			BackupInstance (0ms)
			ReleaseScriptingObjects (0ms)
			CreateAndSetChildDomain (26ms)
		EndReloadAssembly (1303ms)
			LoadAssemblies (211ms)
			RebuildTransferFunctionScriptingTraits (0ms)
			SetupTypeCache (398ms)
			ReleaseScriptCaches (0ms)
			RebuildScriptCaches (74ms)
			SetupLoadedEditorAssemblies (495ms)
				LogAssemblyErrors (0ms)
				InitializePlatformSupportModulesInManaged (10ms)
				SetLoadedEditorAssemblies (1ms)
				RefreshPlugins (0ms)
				BeforeProcessingInitializeOnLoad (120ms)
				ProcessInitializeOnLoadAttributes (329ms)
				ProcessInitializeOnLoadMethodAttributes (23ms)
				AfterProcessingInitializeOnLoad (12ms)
				EditorAssembliesLoaded (0ms)
			ExecutionOrderSort2 (0ms)
			AwakeInstancesAfterBackupRestoration (2ms)
Platform modules already initialized, skipping
========================================================================
Worker process is ready to serve import requests
Launched and connected shader compiler UnityShaderCompiler.exe after 0.07 seconds
Refreshing native plugins compatible for Editor in 0.37 ms, found 2 plugins.
Preloading 0 native plugins for Editor in 0.00 ms.
Unloading 1563 Unused Serialized files (Serialized files now loaded: 0)
System memory in use before: 72.1 MB.
System memory in use after: 72.1 MB.

Unloading 16 unused Assets to reduce memory usage. Loaded Objects now: 2000.
Total: 3.100500 ms (FindLiveObjects: 0.157100 ms CreateObjectMapping: 0.073100 ms MarkObjects: 2.793800 ms  DeleteObjects: 0.075000 ms)

AssetImportParameters requested are different than current active one (requested -> active):
  custom:framework-win-MediaFoundation: 216162199b28c13a410421893ffa2e32 -> 
  custom:video-decoder-ogg-theora: a1e56fd34408186e4bbccfd4996cb3dc -> 
  custom:container-muxer-webm: aa71ff27fc2769a1b78a27578f13a17b -> 
  custom:container-demuxer-webm: 4f35f7cbe854078d1ac9338744f61a02 -> 
  custom:container-demuxer-ogg: 62fdf1f143b41e24485cea50d1cbac27 -> 
  custom:video-encoder-webm-vp8: eb34c28f22e8b96e1ab97ce403110664 -> 
  custom:video-codec-MediaFoundation-h265: 746d11721c4dcdbdad8f713fa42b33f4 -> 
  custom:video-decoder-webm-vp8: 9c59270c3fd7afecdb556c50c9e8de78 -> 
  custom:audio-decoder-ogg-vorbis: bf7c407c2cedff20999df2af8eb42d56 -> 
  custom:audio-encoder-webm-vorbis: bf7c407c2cedff20999df2af8eb42d56 -> 
========================================================================
Received Import Request.
  path: Assets/Player_jump/Player_jump_0001.png
  artifactKey: Guid(1793180fc314dd44a8b7a19bd0f1196f) Importer(815301076,1909f56bfc062723c751e8b465ee728b)
Start importing Assets/Player_jump/Player_jump_0001.png using Guid(1793180fc314dd44a8b7a19bd0f1196f) Importer(815301076,1909f56bfc062723c751e8b465ee728b)  -> (artifact id: '5c1611bed39546a39b9f75b5bd4a05f3') in 0.184856 seconds 
========================================================================
Received Import Request.
  Time since last request: 0.000200 seconds.
  path: Assets/Player_jump/Player_jump_0000.png
  artifactKey: Guid(dec36355b0285ae488641872fa65f24f) Importer(815301076,1909f56bfc062723c751e8b465ee728b)
Start importing Assets/Player_jump/Player_jump_0000.png using Guid(dec36355b0285ae488641872fa65f24f) Importer(815301076,1909f56bfc062723c751e8b465ee728b)  -> (artifact id: '0a9d02121c199d23dc1a23d6a8c3296e') in 0.034225 seconds 
========================================================================
Received Import Request.
  Time since last request: 0.000167 seconds.
  path: Assets/Player_jump/Player_jump_0002.png
  artifactKey: Guid(7068da70be11bbd4682792531c2209a1) Importer(815301076,1909f56bfc062723c751e8b465ee728b)
Start importing Assets/Player_jump/Player_jump_0002.png using Guid(7068da70be11bbd4682792531c2209a1) Importer(815301076,1909f56bfc062723c751e8b465ee728b)  -> (artifact id: 'f37496b6d5c071677258a37d3c9fb8fa') in 0.038106 seconds 
========================================================================
Received Import Request.
  Time since last request: 11.489012 seconds.
  path: Assets/Player_PushCrate/Player_PushCrate_0000.png
  artifactKey: Guid(2203f171327c4a144b5d47e6b281e0c5) Importer(815301076,1909f56bfc062723c751e8b465ee728b)
Start importing Assets/Player_PushCrate/Player_PushCrate_0000.png using Guid(2203f171327c4a144b5d47e6b281e0c5) Importer(815301076,1909f56bfc062723c751e8b465ee728b)  -> (artifact id: '83d23422cd48e5d5b21e0fa86f9fbc7d') in 0.046246 seconds 
========================================================================
Received Import Request.
  Time since last request: 0.000273 seconds.
  path: Assets/Player_PushCrate/Player_PushCrate_0002.png
  artifactKey: Guid(8ab281e2f61440c4eabc87d3e2d59876) Importer(815301076,1909f56bfc062723c751e8b465ee728b)
Start importing Assets/Player_PushCrate/Player_PushCrate_0002.png using Guid(8ab281e2f61440c4eabc87d3e2d59876) Importer(815301076,1909f56bfc062723c751e8b465ee728b)  -> (artifact id: '42e62aad80aade68b2ce4eb6ebe1362d') in 0.048679 seconds 
========================================================================
Received Import Request.
  Time since last request: 0.000225 seconds.
  path: Assets/Player_PushCrate/Player_PushCrate_0004.png
  artifactKey: Guid(3687effe1c41af74893763a8ce855ea8) Importer(815301076,1909f56bfc062723c751e8b465ee728b)
Start importing Assets/Player_PushCrate/Player_PushCrate_0004.png using Guid(3687effe1c41af74893763a8ce855ea8) Importer(815301076,1909f56bfc062723c751e8b465ee728b)  -> (artifact id: '162151a381da9d730ba532dc066c7a9b') in 0.052551 seconds 
========================================================================
Received Import Request.
  Time since last request: 0.000322 seconds.
  path: Assets/Player_PushCrate/Player_PushCrate_0001.png
  artifactKey: Guid(e0c34d12af4a137459286aaface890b3) Importer(815301076,1909f56bfc062723c751e8b465ee728b)
Start importing Assets/Player_PushCrate/Player_PushCrate_0001.png using Guid(e0c34d12af4a137459286aaface890b3) Importer(815301076,1909f56bfc062723c751e8b465ee728b)  -> (artifact id: 'c321500d48c9fdd551ee34341e194a45') in 0.033233 seconds 
========================================================================
Received Import Request.
  Time since last request: 0.000244 seconds.
  path: Assets/Player_PushCrate/Player_PushCrate_0007.png
  artifactKey: Guid(2835ded8dbf927d40a2fa591484fb208) Importer(815301076,1909f56bfc062723c751e8b465ee728b)
Start importing Assets/Player_PushCrate/Player_PushCrate_0007.png using Guid(2835ded8dbf927d40a2fa591484fb208) Importer(815301076,1909f56bfc062723c751e8b465ee728b)  -> (artifact id: '9a947f945a01799f52231d4e55ab6c09') in 0.045455 seconds 
========================================================================
Received Import Request.
  Time since last request: 0.000196 seconds.
  path: Assets/Player_PushCrate/Player_PushCrate_0005.png
  artifactKey: Guid(6dc912830825e3a429b021fdfab0689f) Importer(815301076,1909f56bfc062723c751e8b465ee728b)
Start importing Assets/Player_PushCrate/Player_PushCrate_0005.png using Guid(6dc912830825e3a429b021fdfab0689f) Importer(815301076,1909f56bfc062723c751e8b465ee728b)  -> (artifact id: '935ad11dcfc84f3ef2b0b53db802c768') in 0.035517 seconds 
========================================================================
Received Import Request.
  Time since last request: 0.000152 seconds.
  path: Assets/Player_PushCrate/Player_PushCrate_0006.png
  artifactKey: Guid(24a0f6a8ac364b64086278bc1366b0f6) Importer(815301076,1909f56bfc062723c751e8b465ee728b)
Start importing Assets/Player_PushCrate/Player_PushCrate_0006.png using Guid(24a0f6a8ac364b64086278bc1366b0f6) Importer(815301076,1909f56bfc062723c751e8b465ee728b)  -> (artifact id: '3ee3b5a3b6f33cdb6a082455da371758') in 0.040316 seconds 
========================================================================
Received Import Request.
  Time since last request: 0.000242 seconds.
  path: Assets/Player_PushCrate/Player_PushCrate_0003.png
  artifactKey: Guid(9286a23392b08de49bc6fe38f48e26c2) Importer(815301076,1909f56bfc062723c751e8b465ee728b)
Start importing Assets/Player_PushCrate/Player_PushCrate_0003.png using Guid(9286a23392b08de49bc6fe38f48e26c2) Importer(815301076,1909f56bfc062723c751e8b465ee728b)  -> (artifact id: '4d1ac1da52189eb67db212518598563f') in 0.029820 seconds 
========================================================================
Received Import Request.
  Time since last request: 197.161902 seconds.
  path: Assets/Art/level4.JPG
  artifactKey: Guid(b57a5a5fd993da64bb1710636b29b5ad) Importer(815301076,1909f56bfc062723c751e8b465ee728b)
Start importing Assets/Art/level4.JPG using Guid(b57a5a5fd993da64bb1710636b29b5ad) Importer(815301076,1909f56bfc062723c751e8b465ee728b)  -> (artifact id: 'c940ed8568a53aa3ea06cb2c33754217') in 0.036867 seconds 
========================================================================
Received Import Request.
  Time since last request: 2.731630 seconds.
  path: Assets/Art/2D
  artifactKey: Guid(0a65ba48e6aaffe438fc503f8cc5a1cd) Importer(815301076,1909f56bfc062723c751e8b465ee728b)
Start importing Assets/Art/2D using Guid(0a65ba48e6aaffe438fc503f8cc5a1cd) Importer(815301076,1909f56bfc062723c751e8b465ee728b)  -> (artifact id: '83754cde8620fae139b67d4cd4f09875') in 0.020460 seconds 
========================================================================
Received Import Request.
  Time since last request: 2.334767 seconds.
  path: Assets/Art/2D/Player_idle
  artifactKey: Guid(84598b7ef83d0bb4880faa18820e389b) Importer(815301076,1909f56bfc062723c751e8b465ee728b)
Start importing Assets/Art/2D/Player_idle using Guid(84598b7ef83d0bb4880faa18820e389b) Importer(815301076,1909f56bfc062723c751e8b465ee728b)  -> (artifact id: 'e0eef47b9c578b4cf32bb4e74a938b26') in 0.018585 seconds 
========================================================================
Received Import Request.
  Time since last request: 0.052244 seconds.
  path: Assets/Art/2D/Player_idle/Player_idle_0000.png
  artifactKey: Guid(e705935fd10240043a1fefcba1856225) Importer(815301076,1909f56bfc062723c751e8b465ee728b)
Start importing Assets/Art/2D/Player_idle/Player_idle_0000.png using Guid(e705935fd10240043a1fefcba1856225) Importer(815301076,1909f56bfc062723c751e8b465ee728b)  -> (artifact id: '46b4cac55ceec86ec702b2af97778430') in 0.025769 seconds 
========================================================================
Received Import Request.
  Time since last request: 0.000157 seconds.
  path: Assets/Art/2D/Player_idle/Player_idle_0002.png
  artifactKey: Guid(7c6494f154381b34ca8aab2e17514226) Importer(815301076,1909f56bfc062723c751e8b465ee728b)
Start importing Assets/Art/2D/Player_idle/Player_idle_0002.png using Guid(7c6494f154381b34ca8aab2e17514226) Importer(815301076,1909f56bfc062723c751e8b465ee728b)  -> (artifact id: 'd748df4cbb8f3a55c8f33936fae91e10') in 0.038168 seconds 
========================================================================
Received Import Request.
  Time since last request: 0.000192 seconds.
  path: Assets/Art/2D/Player_idle/Player_idle_0003.png
  artifactKey: Guid(685ab436a9c799e4b842399e3a31cfed) Importer(815301076,1909f56bfc062723c751e8b465ee728b)
Start importing Assets/Art/2D/Player_idle/Player_idle_0003.png using Guid(685ab436a9c799e4b842399e3a31cfed) Importer(815301076,1909f56bfc062723c751e8b465ee728b)  -> (artifact id: '7563cc6cbf6729d92dc888ec5827f43c') in 0.040298 seconds 
========================================================================
Received Import Request.
  Time since last request: 0.000180 seconds.
  path: Assets/Art/2D/Player_idle/Player_idle_0001.png
  artifactKey: Guid(d9822e652b7c7cb41b5524b7d68ccd84) Importer(815301076,1909f56bfc062723c751e8b465ee728b)
Start importing Assets/Art/2D/Player_idle/Player_idle_0001.png using Guid(d9822e652b7c7cb41b5524b7d68ccd84) Importer(815301076,1909f56bfc062723c751e8b465ee728b)  -> (artifact id: '24498e4f039a56d193999ce22d1859d9') in 0.043388 seconds 
========================================================================
Received Import Request.
  Time since last request: 10.004289 seconds.
  path: Assets/Art/2D/Player_idle/Player.controller
  artifactKey: Guid(e0d1a2a3f4698804ab44c28a67c09210) Importer(815301076,1909f56bfc062723c751e8b465ee728b)
Start importing Assets/Art/2D/Player_idle/Player.controller using Guid(e0d1a2a3f4698804ab44c28a67c09210) Importer(815301076,1909f56bfc062723c751e8b465ee728b)  -> (artifact id: '373193db0aea11a8cbb033a031568083') in 0.019806 seconds 
========================================================================
Received Import Request.
  Time since last request: 179.485065 seconds.
  path: Assets/Art/2D/Animation/Player_idle.anim
  artifactKey: Guid(79090e06567bc7e4a87ab5fc7735d638) Importer(815301076,1909f56bfc062723c751e8b465ee728b)
Start importing Assets/Art/2D/Animation/Player_idle.anim using Guid(79090e06567bc7e4a87ab5fc7735d638) Importer(815301076,1909f56bfc062723c751e8b465ee728b)  -> (artifact id: '75766fcb95328cdd189fd9aacb5a9185') in 0.012949 seconds 
========================================================================
Received Prepare
Registering precompiled user dll's ...
Registered in 0.007762 seconds.
Begin MonoManager ReloadAssembly
Native extension for WindowsStandalone target not found
Native extension for WebGL target not found
Refreshing native plugins compatible for Editor in 0.38 ms, found 2 plugins.
Preloading 0 native plugins for Editor in 0.00 ms.
Mono: successfully reloaded assembly
- Completed reload, in  1.563 seconds
Domain Reload Profiling:
	ReloadAssembly (1563ms)
		BeginReloadAssembly (171ms)
			ExecutionOrderSort (0ms)
			DisableScriptedObjects (7ms)
			BackupInstance (0ms)
			ReleaseScriptingObjects (0ms)
			CreateAndSetChildDomain (42ms)
		EndReloadAssembly (1297ms)
			LoadAssemblies (149ms)
			RebuildTransferFunctionScriptingTraits (0ms)
			SetupTypeCache (449ms)
			ReleaseScriptCaches (1ms)
			RebuildScriptCaches (81ms)
			SetupLoadedEditorAssemblies (494ms)
				LogAssemblyErrors (0ms)
				InitializePlatformSupportModulesInManaged (9ms)
				SetLoadedEditorAssemblies (1ms)
				RefreshPlugins (0ms)
				BeforeProcessingInitializeOnLoad (136ms)
				ProcessInitializeOnLoadAttributes (318ms)
				ProcessInitializeOnLoadMethodAttributes (17ms)
				AfterProcessingInitializeOnLoad (12ms)
				EditorAssembliesLoaded (0ms)
			ExecutionOrderSort2 (0ms)
			AwakeInstancesAfterBackupRestoration (2ms)
Platform modules already initialized, skipping
Refreshing native plugins compatible for Editor in 0.40 ms, found 2 plugins.
Preloading 0 native plugins for Editor in 0.00 ms.
Unloading 1557 Unused Serialized files (Serialized files now loaded: 0)
System memory in use before: 75.1 MB.
System memory in use after: 75.2 MB.

Unloading 11 unused Assets to reduce memory usage. Loaded Objects now: 2010.
Total: 3.503300 ms (FindLiveObjects: 0.132600 ms CreateObjectMapping: 0.057400 ms MarkObjects: 3.290300 ms  DeleteObjects: 0.022200 ms)

AssetImportParameters requested are different than current active one (requested -> active):
  custom:framework-win-MediaFoundation: 216162199b28c13a410421893ffa2e32 -> 
  custom:video-decoder-ogg-theora: a1e56fd34408186e4bbccfd4996cb3dc -> 
  custom:container-muxer-webm: aa71ff27fc2769a1b78a27578f13a17b -> 
  custom:container-demuxer-webm: 4f35f7cbe854078d1ac9338744f61a02 -> 
  custom:container-demuxer-ogg: 62fdf1f143b41e24485cea50d1cbac27 -> 
  custom:video-encoder-webm-vp8: eb34c28f22e8b96e1ab97ce403110664 -> 
  custom:video-codec-MediaFoundation-h265: 746d11721c4dcdbdad8f713fa42b33f4 -> 
  custom:video-decoder-webm-vp8: 9c59270c3fd7afecdb556c50c9e8de78 -> 
  custom:audio-decoder-ogg-vorbis: bf7c407c2cedff20999df2af8eb42d56 -> 
  custom:audio-encoder-webm-vorbis: bf7c407c2cedff20999df2af8eb42d56 -> 
========================================================================
Received Prepare
Registering precompiled user dll's ...
Registered in 0.005880 seconds.
Begin MonoManager ReloadAssembly
Native extension for WindowsStandalone target not found
Native extension for WebGL target not found
Refreshing native plugins compatible for Editor in 0.50 ms, found 2 plugins.
Preloading 0 native plugins for Editor in 0.00 ms.
Mono: successfully reloaded assembly
- Completed reload, in  2.773 seconds
Domain Reload Profiling:
	ReloadAssembly (2774ms)
		BeginReloadAssembly (265ms)
			ExecutionOrderSort (0ms)
			DisableScriptedObjects (17ms)
			BackupInstance (0ms)
			ReleaseScriptingObjects (0ms)
			CreateAndSetChildDomain (65ms)
		EndReloadAssembly (2391ms)
			LoadAssemblies (306ms)
			RebuildTransferFunctionScriptingTraits (0ms)
			SetupTypeCache (826ms)
			ReleaseScriptCaches (3ms)
			RebuildScriptCaches (134ms)
			SetupLoadedEditorAssemblies (807ms)
				LogAssemblyErrors (0ms)
				InitializePlatformSupportModulesInManaged (15ms)
				SetLoadedEditorAssemblies (1ms)
				RefreshPlugins (1ms)
				BeforeProcessingInitializeOnLoad (227ms)
				ProcessInitializeOnLoadAttributes (497ms)
				ProcessInitializeOnLoadMethodAttributes (38ms)
				AfterProcessingInitializeOnLoad (29ms)
				EditorAssembliesLoaded (0ms)
			ExecutionOrderSort2 (0ms)
			AwakeInstancesAfterBackupRestoration (11ms)
Platform modules already initialized, skipping
Refreshing native plugins compatible for Editor in 0.58 ms, found 2 plugins.
Preloading 0 native plugins for Editor in 0.00 ms.
Unloading 1557 Unused Serialized files (Serialized files now loaded: 0)
System memory in use before: 75.1 MB.
System memory in use after: 75.2 MB.

Unloading 11 unused Assets to reduce memory usage. Loaded Objects now: 2013.
Total: 3.790700 ms (FindLiveObjects: 0.364300 ms CreateObjectMapping: 0.092700 ms MarkObjects: 3.308200 ms  DeleteObjects: 0.024400 ms)

AssetImportParameters requested are different than current active one (requested -> active):
  custom:framework-win-MediaFoundation: 216162199b28c13a410421893ffa2e32 -> 
  custom:video-decoder-ogg-theora: a1e56fd34408186e4bbccfd4996cb3dc -> 
  custom:container-muxer-webm: aa71ff27fc2769a1b78a27578f13a17b -> 
  custom:container-demuxer-webm: 4f35f7cbe854078d1ac9338744f61a02 -> 
  custom:container-demuxer-ogg: 62fdf1f143b41e24485cea50d1cbac27 -> 
  custom:video-encoder-webm-vp8: eb34c28f22e8b96e1ab97ce403110664 -> 
  custom:video-codec-MediaFoundation-h265: 746d11721c4dcdbdad8f713fa42b33f4 -> 
  custom:video-decoder-webm-vp8: 9c59270c3fd7afecdb556c50c9e8de78 -> 
  custom:audio-decoder-ogg-vorbis: bf7c407c2cedff20999df2af8eb42d56 -> 
  custom:audio-encoder-webm-vorbis: bf7c407c2cedff20999df2af8eb42d56 -> 
AssetImportWorkerClient::OnTransportError - code=2 error=End of file
